{"level":"info","ts":1490191398.8624842,"caller":"watchdog/process/_test/_obj_test/process.go:87","msg":"{\"level\":\"info\",\"ts\":1490184360.382384,\"caller\":\"watchdog/process/_test/_obj_test/process.go:88\",\"msg\":\"-rw-r--r--   1 anthony  staff  6556 22 mar 13:05 process_test.go\"}"}
{"level":"info","ts":1490191398.862574,"caller":"watchdog/process/_test/_obj_test/process.go:87","msg":"{\"level\":\"info\",\"ts\":1490184360.3823926,\"caller\":\"watchdog/process/_test/_obj_test/process.go:88\",\"msg\":\"drwxr-xr-x  11 anthony  staff   374 22 mar 13:04 vms\"}"}
{"level":"info","ts":1490191398.862592,"caller":"watchdog/process/_test/_obj_test/process.go:87","msg":"{\"level\":\"info\",\"ts\":1490184404.4211001,\"caller\":\"watchdog/process/_test/_obj_test/process.go:88\",\"msg\":\"total 48\"}"}
{"level":"info","ts":1490191398.8625996,"caller":"watchdog/process/_test/_obj_test/process.go:87","msg":"{\"level\":\"info\",\"ts\":1490184404.4213717,\"caller\":\"watchdog/process/_test/_obj_test/process.go:88\",\"msg\":\"drwxr-xr-x   7 anthony  staff   238 22 mar 13:06 .\"}"}
{"level":"info","ts":1490191398.8626103,"caller":"watchdog/process/_test/_obj_test/process.go:87","msg":"{\"level\":\"info\",\"ts\":1490184404.4213972,\"caller\":\"watchdog/process/_test/_obj_test/process.go:88\",\"msg\":\"lrwxr-xr-x   1 anthony  staff    44 22 mar 13:06 .#process_test.go -> anthony@MacBook-Air-de-Anthony-2.local.17562\"}"}
{"level":"info","ts":1490191398.862616,"caller":"watchdog/process/_test/_obj_test/process.go:87","msg":"{\"level\":\"info\",\"ts\":1490184404.4214127,\"caller\":\"watchdog/process/_test/_obj_test/process.go:88\",\"msg\":\"drwxr-xr-x  12 anthony  staff   408 17 mar 10:38 ..\"}"}
{"level":"info","ts":1490191398.8626237,"caller":"watchdog/process/_test/_obj_test/process.go:87","msg":"{\"level\":\"info\",\"ts\":1490184404.4214213,\"caller\":\"watchdog/process/_test/_obj_test/process.go:88\",\"msg\":\"-rw-r--r--   1 anthony  staff  2601 22 mar 13:06 cover.out\"}"}
{"level":"info","ts":1490191398.8626287,"caller":"watchdog/process/_test/_obj_test/process.go:87","msg":"{\"level\":\"info\",\"ts\":1490184404.4214346,\"caller\":\"watchdog/process/_test/_obj_test/process.go:88\",\"msg\":\"-rw-r--r--   1 anthony  staff  7373 22 mar 12:51 process.go\"}"}
{"level":"info","ts":1490191398.8626363,"caller":"watchdog/process/_test/_obj_test/process.go:87","msg":"{\"level\":\"info\",\"ts\":1490184404.4214482,\"caller\":\"watchdog/process/_test/_obj_test/process.go:88\",\"msg\":\"-rw-r--r--   1 anthony  staff  6556 22 mar 13:05 process_test.go\"}"}
{"level":"info","ts":1490191398.8626413,"caller":"watchdog/process/_test/_obj_test/process.go:87","msg":"{\"level\":\"info\",\"ts\":1490184404.421458,\"caller\":\"watchdog/process/_test/_obj_test/process.go:88\",\"msg\":\"drwxr-xr-x  11 anthony  staff   374 22 mar 13:04 vms\"}"}
{"level":"info","ts":1490191555.0283673,"caller":"watchdog/process/_test/_obj_test/process.go:87","msg":"{\"level\":\"info\",\"ts\":1490184360.382384,\"caller\":\"watchdog/process/_test/_obj_test/process.go:88\",\"msg\":\"-rw-r--r--   1 anthony  staff  6556 22 mar 13:05 process_test.go\"}"}
{"level":"info","ts":1490191555.0287848,"caller":"watchdog/process/_test/_obj_test/process.go:87","msg":"{\"level\":\"info\",\"ts\":1490184360.3823926,\"caller\":\"watchdog/process/_test/_obj_test/process.go:88\",\"msg\":\"drwxr-xr-x  11 anthony  staff   374 22 mar 13:04 vms\"}"}
{"level":"info","ts":1490191555.0288367,"caller":"watchdog/process/_test/_obj_test/process.go:87","msg":"{\"level\":\"info\",\"ts\":1490184404.4211001,\"caller\":\"watchdog/process/_test/_obj_test/process.go:88\",\"msg\":\"total 48\"}"}
{"level":"info","ts":1490191555.0288641,"caller":"watchdog/process/_test/_obj_test/process.go:87","msg":"{\"level\":\"info\",\"ts\":1490184404.4213717,\"caller\":\"watchdog/process/_test/_obj_test/process.go:88\",\"msg\":\"drwxr-xr-x   7 anthony  staff   238 22 mar 13:06 .\"}"}
{"level":"info","ts":1490191555.0289066,"caller":"watchdog/process/_test/_obj_test/process.go:87","msg":"{\"level\":\"info\",\"ts\":1490184404.4213972,\"caller\":\"watchdog/process/_test/_obj_test/process.go:88\",\"msg\":\"lrwxr-xr-x   1 anthony  staff    44 22 mar 13:06 .#process_test.go -> anthony@MacBook-Air-de-Anthony-2.local.17562\"}"}
{"level":"info","ts":1490191555.0289524,"caller":"watchdog/process/_test/_obj_test/process.go:87","msg":"{\"level\":\"info\",\"ts\":1490184404.4214127,\"caller\":\"watchdog/process/_test/_obj_test/process.go:88\",\"msg\":\"drwxr-xr-x  12 anthony  staff   408 17 mar 10:38 ..\"}"}
{"level":"info","ts":1490191555.028975,"caller":"watchdog/process/_test/_obj_test/process.go:87","msg":"{\"level\":\"info\",\"ts\":1490184404.4214213,\"caller\":\"watchdog/process/_test/_obj_test/process.go:88\",\"msg\":\"-rw-r--r--   1 anthony  staff  2601 22 mar 13:06 cover.out\"}"}
{"level":"info","ts":1490191555.0289853,"caller":"watchdog/process/_test/_obj_test/process.go:87","msg":"{\"level\":\"info\",\"ts\":1490184404.4214346,\"caller\":\"watchdog/process/_test/_obj_test/process.go:88\",\"msg\":\"-rw-r--r--   1 anthony  staff  7373 22 mar 12:51 process.go\"}"}
{"level":"info","ts":1490191555.0290005,"caller":"watchdog/process/_test/_obj_test/process.go:87","msg":"{\"level\":\"info\",\"ts\":1490184404.4214482,\"caller\":\"watchdog/process/_test/_obj_test/process.go:88\",\"msg\":\"-rw-r--r--   1 anthony  staff  6556 22 mar 13:05 process_test.go\"}"}
{"level":"info","ts":1490191555.0290108,"caller":"watchdog/process/_test/_obj_test/process.go:87","msg":"{\"level\":\"info\",\"ts\":1490184404.421458,\"caller\":\"watchdog/process/_test/_obj_test/process.go:88\",\"msg\":\"drwxr-xr-x  11 anthony  staff   374 22 mar 13:04 vms\"}"}
